<?xml version="1.0" encoding="UTF-8"?>
<!-- Generated by org.testng.reporters.JUnitXMLReporter -->
<testsuite ignored="0" hostname="DESKTOP-57QL2OO" failures="0" tests="1" name="Test" time="15.81" errors="0" timestamp="2023-07-31T18:52:07 IST">
  <testcase classname="base.baseTest" name="@AfterMethod afterMethodMethod" time="0.012">
    <failure type="java.lang.NullPointerException">
      <![CDATA[java.lang.NullPointerException
at base.baseTest.afterMethodMethod(baseTest.java:68)
at java.base/java.util.ArrayList.forEach(ArrayList.java:1541)
... Removed 32 stack frames]]>
    </failure>
  </testcase> <!-- @AfterMethod afterMethodMethod -->
  <testcase classname="qa.tests.Testcase1" name="SamplemethodforenterinCred" time="5.678"/>
</testsuite> <!-- Test -->
